<?xml version="1.0" encoding="UTF-8"?>
<!-- Generated by org.testng.reporters.JUnitReportReporter -->
<testsuite hostname="CFS-LP-0064" failures="0" tests="2" name="test.LambdaTest" time="70.028" errors="0" timestamp="2023-02-10T15:56:39 IST" skipped="0">
  <testcase classname="test.LambdaTest" name="runTest" time="38.676"/>
  <system-out/>
  <testcase classname="test.LambdaTest" name="runTest" time="31.352"/>
  <system-out/>
</testsuite> <!-- test.LambdaTest -->
