<?xml version="1.0" encoding="UTF-8"?>
<!-- Generated by org.testng.reporters.JUnitReportReporter -->
<testsuite hostname="CFS-LP-0064" failures="0" tests="1" name="test.LambdaTestScenarios" time="11.674" errors="0" timestamp="2023-02-03T12:08:23 IST" skipped="0">
  <testcase classname="test.LambdaTestScenarios" name="testScenario1" time="11.674"/>
  <system-out/>
</testsuite> <!-- test.LambdaTestScenarios -->
